15:48:32.789 [Worker-12] INFO  o.a.AndroidAnnotationProcessor:85 - Initialize AndroidAnnotations 3.0.1 with options {phase=BUILD}
15:48:32.790 [Worker-12] INFO  o.a.AndroidAnnotationProcessor:109 - Start processing for 12 annotations on 15 elements
15:48:32.797 [Worker-12] DEBUG o.a.h.AndroidManifestFinder:137 - AndroidManifest.xml file found in parent folder /home/jani/workspace-adt/piik-android/Piik: /home/jani/workspace-adt/piik-android/Piik/AndroidManifest.xml
15:48:32.797 [Worker-12] DEBUG o.a.h.AndroidManifestFinder:74 - Found android.library=false property in project.properties
15:48:32.798 [Worker-12] INFO  o.a.AndroidAnnotationProcessor:172 - AndroidManifest.xml found: AndroidManifest [applicationPackage=com.piik.app, componentQualifiedNames=[com.piik.app.SplashActivity_, com.piik.app.MainActivity_], permissionQualifiedNames=[android.permission.INTERNET, android.permission.ACCESS_FINE_LOCATION], applicationClassName=null, libraryProject=false, debugabble=false, minSdkVersion=14, maxSdkVersion=-1, targetSdkVersion=19]
15:48:32.798 [Worker-12] INFO  o.a.r.ProjectRClassFinder:50 - Found project R class: com.piik.app.R
15:48:32.798 [Worker-12] INFO  o.a.r.AndroidRClassFinder:44 - Found Android class: android.R
15:48:32.800 [Worker-12] INFO  o.a.p.ModelValidator:42 - Validating elements
15:48:32.801 [Worker-12] DEBUG o.a.p.ModelValidator:62 - Validating with EActivityHandler: [com.piik.app.MainActivity, com.piik.app.SplashActivity]
15:48:32.801 [Worker-12] DEBUG o.a.p.ModelValidator:62 - Validating with EFragmentHandler: [com.piik.app.fragment.PiikFragment]
15:48:32.801 [Worker-12] DEBUG o.a.p.ModelValidator:62 - Validating with EBeanHandler: [com.piik.app.service.LocationService, com.piik.app.ActivityLauncher, com.piik.app.service.PlacesService]
15:48:32.801 [Worker-12] DEBUG o.a.p.ModelValidator:62 - Validating with ViewByIdHandler: [distance, address, photo, name, viewPager]
15:48:32.802 [Worker-12] DEBUG o.a.p.ModelValidator:62 - Validating with ClickHandler: [public void previousPiikBtnClicked() , public void nextPiikBtnClicked() ]
15:48:32.802 [Worker-12] DEBUG o.a.p.ModelValidator:62 - Validating with SystemServiceHandler: [locationManager]
15:48:32.802 [Worker-12] DEBUG o.a.p.ModelValidator:62 - Validating with RestHandler: [com.piik.app.rest.PlacesRestClient]
15:48:32.804 [Worker-12] DEBUG o.a.p.ModelValidator:62 - Validating with GetHandler: [public abstract com.piik.app.model.PlacesList findPlacesNearByLocation(double, double) ]
15:48:32.804 [Worker-12] DEBUG o.a.p.ModelValidator:62 - Validating with RestServiceHandler: [placesRestClient]
15:48:32.804 [Worker-12] DEBUG o.a.p.ModelValidator:62 - Validating with BeanHandler: [locationService, placesService, placesService, activityLauncher]
15:48:32.805 [Worker-12] DEBUG o.a.p.ModelValidator:62 - Validating with AfterViewsHandler: [public void init() , public void initView() , public void initViewPager() ]
15:48:32.805 [Worker-12] DEBUG o.a.p.ModelValidator:62 - Validating with BackgroundHandler: [public void gotLocation(android.location.Location) ]
15:48:32.805 [Worker-12] INFO  o.a.p.ModelProcessor:73 - Processing root elements
15:48:32.805 [Worker-12] DEBUG o.a.p.ModelProcessor:80 - Processing root elements EActivityHandler: [com.piik.app.MainActivity, com.piik.app.SplashActivity]
15:48:32.807 [Worker-12] DEBUG o.a.p.ModelProcessor:80 - Processing root elements EFragmentHandler: [com.piik.app.fragment.PiikFragment]
15:48:32.807 [Worker-12] DEBUG o.a.p.ModelProcessor:80 - Processing root elements EBeanHandler: [com.piik.app.service.LocationService, com.piik.app.ActivityLauncher, com.piik.app.service.PlacesService]
15:48:32.808 [Worker-12] DEBUG o.a.p.ModelProcessor:80 - Processing root elements RestHandler: [com.piik.app.rest.PlacesRestClient]
15:48:32.808 [Worker-12] INFO  o.a.p.ModelProcessor:104 - Processing enclosed elements
15:48:32.809 [Worker-12] INFO  o.a.AndroidAnnotationProcessor:251 - Number of files generated by AndroidAnnotations: 7
15:48:32.809 [Worker-12] INFO  o.a.g.ApiCodeGenerator:52 - Writting following API classes in project: []
15:48:32.809 [Worker-12] DEBUG o.a.g.SourceCodewriter:55 - Generating class: com.piik.app.service.LocationService_
15:48:32.810 [Worker-12] DEBUG o.a.g.SourceCodewriter:55 - Generating class: com.piik.app.service.PlacesService_
15:48:32.810 [Worker-12] DEBUG o.a.g.SourceCodewriter:55 - Generating class: com.piik.app.fragment.PiikFragment_
15:48:32.811 [Worker-12] DEBUG o.a.g.SourceCodewriter:55 - Generating class: com.piik.app.ActivityLauncher_
15:48:32.812 [Worker-12] DEBUG o.a.g.SourceCodewriter:55 - Generating class: com.piik.app.MainActivity_
15:48:32.812 [Worker-12] DEBUG o.a.g.SourceCodewriter:55 - Generating class: com.piik.app.SplashActivity_
15:48:32.814 [Worker-12] DEBUG o.a.g.SourceCodewriter:55 - Generating class: com.piik.app.rest.PlacesRestClient_
15:48:32.814 [Worker-12] INFO  o.a.p.TimeStats:81 - Time measurements: [Whole Processing = 24 ms], [Extract Annotations = 7 ms], [Validate Annotations = 5 ms], [Generate Sources = 5 ms], [Process Annotations = 4 ms], [Find R Classes = 2 ms], [Extract Manifest = 1 ms], 
15:48:32.815 [Worker-12] INFO  o.a.AndroidAnnotationProcessor:123 - Finish processing
15:48:38.13 [Worker-24] INFO  o.a.AndroidAnnotationProcessor:85 - Initialize AndroidAnnotations 3.0.1 with options {phase=BUILD}
